c:\users\mykhaylo\source\repos\almostsimplemetrosim\x64\release\sfml-system-2.dll
c:\users\mykhaylo\source\repos\almostsimplemetrosim\x64\release\sfml-window-2.dll
c:\users\mykhaylo\source\repos\almostsimplemetrosim\x64\release\sfml-graphics-2.dll
c:\users\mykhaylo\source\repos\almostsimplemetrosim\x64\release\freetype.dll
c:\users\mykhaylo\source\repos\almostsimplemetrosim\x64\release\zlib1.dll
c:\users\mykhaylo\source\repos\almostsimplemetrosim\x64\release\bz2.dll
c:\users\mykhaylo\source\repos\almostsimplemetrosim\x64\release\libpng16.dll
c:\users\mykhaylo\source\repos\almostsimplemetrosim\x64\release\brotlidec.dll
c:\users\mykhaylo\source\repos\almostsimplemetrosim\x64\release\brotlicommon.dll
c:\users\mykhaylo\source\repos\almostsimplemetrosim\x64\release\sfml-audio-2.dll
c:\users\mykhaylo\source\repos\almostsimplemetrosim\x64\release\openal32.dll
c:\users\mykhaylo\source\repos\almostsimplemetrosim\x64\release\vorbisenc.dll
c:\users\mykhaylo\source\repos\almostsimplemetrosim\x64\release\vorbis.dll
c:\users\mykhaylo\source\repos\almostsimplemetrosim\x64\release\ogg.dll
c:\users\mykhaylo\source\repos\almostsimplemetrosim\x64\release\vorbisfile.dll
c:\users\mykhaylo\source\repos\almostsimplemetrosim\x64\release\flac.dll
c:\users\mykhaylo\source\repos\almostsimplemetrosim\almostsimplemetrosim\x64\release\vc143.pdb
c:\users\mykhaylo\source\repos\almostsimplemetrosim\almostsimplemetrosim\x64\release\almostsimplemetrosim.obj
c:\users\mykhaylo\source\repos\almostsimplemetrosim\x64\release\almostsimplemetrosim.exe
c:\users\mykhaylo\source\repos\almostsimplemetrosim\x64\release\almostsimplemetrosim.pdb
c:\users\mykhaylo\source\repos\almostsimplemetrosim\almostsimplemetrosim\x64\release\almostsimplemetrosim.ipdb
c:\users\mykhaylo\source\repos\almostsimplemetrosim\almostsimplemetrosim\x64\release\almostsimplemetrosim.iobj
c:\users\mykhaylo\source\repos\almostsimplemetrosim\almostsimplemetrosim\x64\release\almostsi.70899835.tlog\almostsimplemetrosim.write.1u.tlog
c:\users\mykhaylo\source\repos\almostsimplemetrosim\almostsimplemetrosim\x64\release\almostsi.70899835.tlog\cl.command.1.tlog
c:\users\mykhaylo\source\repos\almostsimplemetrosim\almostsimplemetrosim\x64\release\almostsi.70899835.tlog\cl.items.tlog
c:\users\mykhaylo\source\repos\almostsimplemetrosim\almostsimplemetrosim\x64\release\almostsi.70899835.tlog\cl.read.1.tlog
c:\users\mykhaylo\source\repos\almostsimplemetrosim\almostsimplemetrosim\x64\release\almostsi.70899835.tlog\cl.write.1.tlog
c:\users\mykhaylo\source\repos\almostsimplemetrosim\almostsimplemetrosim\x64\release\almostsi.70899835.tlog\link.command.1.tlog
c:\users\mykhaylo\source\repos\almostsimplemetrosim\almostsimplemetrosim\x64\release\almostsi.70899835.tlog\link.read.1.tlog
c:\users\mykhaylo\source\repos\almostsimplemetrosim\almostsimplemetrosim\x64\release\almostsi.70899835.tlog\link.secondary.1.tlog
c:\users\mykhaylo\source\repos\almostsimplemetrosim\almostsimplemetrosim\x64\release\almostsi.70899835.tlog\link.write.1.tlog
